<?xml version="1.0" encoding="UTF-8" ?>
<testsuites>
  <testsuite errors="0" failures="0" hostname="cslab09.cs.skidmore.edu" id="0" name="ControllerInfoTest" package="edu.skidmore.cs276.project.webapps.web" skipped="0" tests="2" time="0.06" timestamp="2025-04-27T00:01:17">
      <properties>
[...]
</properties>

      <testcase classname="edu.skidmore.cs276.project.webapps.web.ControllerInfoTest" name="testToString" time="0.003" />

      <testcase classname="edu.skidmore.cs276.project.webapps.web.ControllerInfoTest" name="testGetMappedPath" time="0.0" />

      <system-out><![CDATA[]]></system-out>

      <system-err><![CDATA[]]></system-err>

  </testsuite>
  <testsuite errors="0" failures="0" hostname="cslab09.cs.skidmore.edu" id="1" name="JspInfoTest" package="edu.skidmore.cs276.project.webapps.web" skipped="0" tests="2" time="0.075" timestamp="2025-04-27T00:01:17">
      <properties>
[...]
</properties>

      <testcase classname="edu.skidmore.cs276.project.webapps.web.JspInfoTest" name="testToString" time="0.005" />

      <testcase classname="edu.skidmore.cs276.project.webapps.web.JspInfoTest" name="testGetJspPath" time="0.0" />

      <system-out><![CDATA[]]></system-out>

      <system-err><![CDATA[]]></system-err>

  </testsuite>
  <testsuite errors="0" failures="0" hostname="cslab09.cs.skidmore.edu" id="2" name="RequestAttributeTest" package="edu.skidmore.cs276.project.webapps.web" skipped="0" tests="2" time="0.071" timestamp="2025-04-27T00:01:18">
      <properties>
[...]
</properties>

      <testcase classname="edu.skidmore.cs276.project.webapps.web.RequestAttributeTest" name="testToString" time="0.003" />

      <testcase classname="edu.skidmore.cs276.project.webapps.web.RequestAttributeTest" name="testGetKey" time="0.0" />

      <system-out><![CDATA[]]></system-out>

      <system-err><![CDATA[]]></system-err>

  </testsuite>
  <testsuite errors="0" failures="0" hostname="cslab09.cs.skidmore.edu" id="3" name="RequestParameterTest" package="edu.skidmore.cs276.project.webapps.web" skipped="0" tests="2" time="0.079" timestamp="2025-04-27T00:01:18">
      <properties>
[...]
</properties>

      <testcase classname="edu.skidmore.cs276.project.webapps.web.RequestParameterTest" name="testToString" time="0.005" />

      <testcase classname="edu.skidmore.cs276.project.webapps.web.RequestParameterTest" name="testGetKey" time="0.0" />

      <system-out><![CDATA[]]></system-out>

      <system-err><![CDATA[]]></system-err>

  </testsuite>
  <testsuite errors="0" failures="0" hostname="cslab09.cs.skidmore.edu" id="4" name="SecurityUtilitiesTest" package="edu.skidmore.cs276.project.webapps.web" skipped="0" tests="3" time="0.084" timestamp="2025-04-27T00:01:19">
      <properties>
[...]
</properties>

      <testcase classname="edu.skidmore.cs276.project.webapps.web.SecurityUtilitiesTest" name="testRequestedLength" time="0.02" />

      <testcase classname="edu.skidmore.cs276.project.webapps.web.SecurityUtilitiesTest" name="testMultipleLengths" time="0.002" />

      <testcase classname="edu.skidmore.cs276.project.webapps.web.SecurityUtilitiesTest" name="testZeroLength" time="0.001" />

      <system-out><![CDATA[]]></system-out>

      <system-err><![CDATA[]]></system-err>

  </testsuite>
  <testsuite errors="0" failures="0" hostname="cslab09.cs.skidmore.edu" id="5" name="SessionAttributeTest" package="edu.skidmore.cs276.project.webapps.web" skipped="0" tests="2" time="0.071" timestamp="2025-04-27T00:01:19">
      <properties>
[...]
</properties>

      <testcase classname="edu.skidmore.cs276.project.webapps.web.SessionAttributeTest" name="testToString" time="0.005" />

      <testcase classname="edu.skidmore.cs276.project.webapps.web.SessionAttributeTest" name="testGetKey" time="0.0" />

      <system-out><![CDATA[]]></system-out>

      <system-err><![CDATA[]]></system-err>

  </testsuite>
  <testsuite errors="0" failures="0" hostname="cslab09.cs.skidmore.edu" id="6" name="StringUtilitiesTest" package="edu.skidmore.cs276.project.webapps.web" skipped="0" tests="5" time="0.081" timestamp="2025-04-27T00:01:20">
      <properties>
[...]
</properties>

      <testcase classname="edu.skidmore.cs276.project.webapps.web.StringUtilitiesTest" name="testParseDate" time="0.005" />

      <testcase classname="edu.skidmore.cs276.project.webapps.web.StringUtilitiesTest" name="testFormatDate" time="0.0" />

      <testcase classname="edu.skidmore.cs276.project.webapps.web.StringUtilitiesTest" name="testParseDateInvalidFormat" time="0.001" />

      <testcase classname="edu.skidmore.cs276.project.webapps.web.StringUtilitiesTest" name="testNoNull" time="0.0" />

      <testcase classname="edu.skidmore.cs276.project.webapps.web.StringUtilitiesTest" name="testDbSafeString" time="0.0" />

      <system-out><![CDATA[]]></system-out>

      <system-err><![CDATA[]]></system-err>

  </testsuite>
</testsuites>
